2025-11-11 21:28:21.672 [[31merror[39m]: 	[31mHandshake terminated by server: 403 (ACCESS-REFUSED) with message "ACCESS_REFUSED - Login was refused using authentication mechanism PLAIN. For details see the broker logfile." Handshake terminated by server: 403 (ACCESS-REFUSED) with message "ACCESS_REFUSED - Login was refused using authentication mechanism PLAIN. For details see the broker logfile."[39m
{
  "stack": "Error: Handshake terminated by server: 403 (ACCESS-REFUSED) with message \"ACCESS_REFUSED - Login was refused using authentication mechanism PLAIN. For details see the broker logfile.\"\n    at afterStartOk (C:\\Users\\AJAO PETER OLUWAFEMI\\Documents\\AJAO\\HNG\\stage_4\\push-service\\node_modules\\amqplib\\lib\\connection.js:169:16)\n    at C:\\Users\\AJAO PETER OLUWAFEMI\\Documents\\AJAO\\HNG\\stage_4\\push-service\\node_modules\\amqplib\\lib\\connection.js:104:11\n    at Socket.recv (C:\\Users\\AJAO PETER OLUWAFEMI\\Documents\\AJAO\\HNG\\stage_4\\push-service\\node_modules\\amqplib\\lib\\connection.js:453:9)\n    at Object.onceWrapper (node:events:632:28)\n    at Socket.emit (node:events:518:28)\n    at emitReadable_ (node:internal/streams/readable:834:12)\n    at processTicksAndRejections (node:internal/process/task_queues:89:21)"
}
2025-11-11 21:28:36.035 [[31merror[39m]: 	[31mHandshake terminated by server: 403 (ACCESS-REFUSED) with message "ACCESS_REFUSED - Login was refused using authentication mechanism PLAIN. For details see the broker logfile." Handshake terminated by server: 403 (ACCESS-REFUSED) with message "ACCESS_REFUSED - Login was refused using authentication mechanism PLAIN. For details see the broker logfile."[39m
{
  "stack": "Error: Handshake terminated by server: 403 (ACCESS-REFUSED) with message \"ACCESS_REFUSED - Login was refused using authentication mechanism PLAIN. For details see the broker logfile.\"\n    at afterStartOk (C:\\Users\\AJAO PETER OLUWAFEMI\\Documents\\AJAO\\HNG\\stage_4\\push-service\\node_modules\\amqplib\\lib\\connection.js:169:16)\n    at C:\\Users\\AJAO PETER OLUWAFEMI\\Documents\\AJAO\\HNG\\stage_4\\push-service\\node_modules\\amqplib\\lib\\connection.js:104:11\n    at Socket.recv (C:\\Users\\AJAO PETER OLUWAFEMI\\Documents\\AJAO\\HNG\\stage_4\\push-service\\node_modules\\amqplib\\lib\\connection.js:453:9)\n    at Object.onceWrapper (node:events:632:28)\n    at Socket.emit (node:events:518:28)\n    at emitReadable_ (node:internal/streams/readable:834:12)\n    at processTicksAndRejections (node:internal/process/task_queues:89:21)"
}
2025-11-11 21:29:08.354 [[31merror[39m]: 	[31mHandshake terminated by server: 403 (ACCESS-REFUSED) with message "ACCESS_REFUSED - Login was refused using authentication mechanism PLAIN. For details see the broker logfile." Handshake terminated by server: 403 (ACCESS-REFUSED) with message "ACCESS_REFUSED - Login was refused using authentication mechanism PLAIN. For details see the broker logfile."[39m
{
  "stack": "Error: Handshake terminated by server: 403 (ACCESS-REFUSED) with message \"ACCESS_REFUSED - Login was refused using authentication mechanism PLAIN. For details see the broker logfile.\"\n    at afterStartOk (C:\\Users\\AJAO PETER OLUWAFEMI\\Documents\\AJAO\\HNG\\stage_4\\push-service\\node_modules\\amqplib\\lib\\connection.js:169:16)\n    at C:\\Users\\AJAO PETER OLUWAFEMI\\Documents\\AJAO\\HNG\\stage_4\\push-service\\node_modules\\amqplib\\lib\\connection.js:104:11\n    at Socket.recv (C:\\Users\\AJAO PETER OLUWAFEMI\\Documents\\AJAO\\HNG\\stage_4\\push-service\\node_modules\\amqplib\\lib\\connection.js:453:9)\n    at Object.onceWrapper (node:events:632:28)\n    at Socket.emit (node:events:518:28)\n    at emitReadable_ (node:internal/streams/readable:834:12)\n    at processTicksAndRejections (node:internal/process/task_queues:89:21)"
}
2025-11-11 22:06:16.419 [[31merror[39m]: 	[31mHandshake terminated by server: 403 (ACCESS-REFUSED) with message "ACCESS_REFUSED - Login was refused using authentication mechanism PLAIN. For details see the broker logfile." Handshake terminated by server: 403 (ACCESS-REFUSED) with message "ACCESS_REFUSED - Login was refused using authentication mechanism PLAIN. For details see the broker logfile."[39m
{
  "stack": "Error: Handshake terminated by server: 403 (ACCESS-REFUSED) with message \"ACCESS_REFUSED - Login was refused using authentication mechanism PLAIN. For details see the broker logfile.\"\n    at afterStartOk (C:\\Users\\AJAO PETER OLUWAFEMI\\Documents\\AJAO\\HNG\\stage_4\\push-service\\node_modules\\amqplib\\lib\\connection.js:169:16)\n    at C:\\Users\\AJAO PETER OLUWAFEMI\\Documents\\AJAO\\HNG\\stage_4\\push-service\\node_modules\\amqplib\\lib\\connection.js:104:11\n    at Socket.recv (C:\\Users\\AJAO PETER OLUWAFEMI\\Documents\\AJAO\\HNG\\stage_4\\push-service\\node_modules\\amqplib\\lib\\connection.js:453:9)\n    at Object.onceWrapper (node:events:632:28)\n    at Socket.emit (node:events:518:28)\n    at emitReadable_ (node:internal/streams/readable:834:12)\n    at processTicksAndRejections (node:internal/process/task_queues:89:21)"
}
2025-11-11 22:06:58.458 [[31merror[39m]: 	[31mFailed to connect to RabbitMQ: Handshake terminated by server: 403 (ACCESS-REFUSED) with message "ACCESS_REFUSED - Login was refused using authentication mechanism PLAIN. For details see the broker logfile."[39m
2025-11-11 22:40:06.404 [[31merror[39m]: 	[31mRabbitMQ channel error:[39m
{
  "error": "Channel closed by server: 406 (PRECONDITION-FAILED) with message \"PRECONDITION_FAILED - inequivalent arg 'x-message-ttl' for queue 'push' in vhost '/': received the value '86400000' of type 'signedint' but current is none\""
}
2025-11-11 22:40:06.407 [[31merror[39m]: 	[31mError setting up queues: Operation failed: QueueDeclare; 406 (PRECONDITION-FAILED) with message "PRECONDITION_FAILED - inequivalent arg 'x-message-ttl' for queue 'push' in vhost '/': received the value '86400000' of type 'signedint' but current is none"[39m
2025-11-11 22:40:06.408 [[31merror[39m]: 	[31mFailed to connect to RabbitMQ: Operation failed: QueueDeclare; 406 (PRECONDITION-FAILED) with message "PRECONDITION_FAILED - inequivalent arg 'x-message-ttl' for queue 'push' in vhost '/': received the value '86400000' of type 'signedint' but current is none"[39m
2025-11-11 22:42:14.088 [[31merror[39m]: 	[31mRabbitMQ channel error:[39m
{
  "error": "Channel closed by server: 406 (PRECONDITION-FAILED) with message \"PRECONDITION_FAILED - inequivalent arg 'x-message-ttl' for queue 'push' in vhost '/': received the value '86400000' of type 'signedint' but current is none\""
}
2025-11-11 22:42:14.093 [[31merror[39m]: 	[31mError setting up queues: Operation failed: QueueDeclare; 406 (PRECONDITION-FAILED) with message "PRECONDITION_FAILED - inequivalent arg 'x-message-ttl' for queue 'push' in vhost '/': received the value '86400000' of type 'signedint' but current is none"[39m
2025-11-11 22:42:14.094 [[31merror[39m]: 	[31mFailed to connect to RabbitMQ: Operation failed: QueueDeclare; 406 (PRECONDITION-FAILED) with message "PRECONDITION_FAILED - inequivalent arg 'x-message-ttl' for queue 'push' in vhost '/': received the value '86400000' of type 'signedint' but current is none"[39m
2025-11-12 08:13:06.927 [[31merror[39m]: 	[31mRabbitMQ channel error:[39m
{
  "error": "Channel closed by server: 406 (PRECONDITION-FAILED) with message \"PRECONDITION_FAILED - inequivalent arg 'x-message-ttl' for queue 'push' in vhost '/': received the value '86400000' of type 'signedint' but current is none\""
}
2025-11-12 08:13:06.934 [[31merror[39m]: 	[31mError setting up queues: Operation failed: QueueDeclare; 406 (PRECONDITION-FAILED) with message "PRECONDITION_FAILED - inequivalent arg 'x-message-ttl' for queue 'push' in vhost '/': received the value '86400000' of type 'signedint' but current is none"[39m
2025-11-12 08:13:06.936 [[31merror[39m]: 	[31mFailed to connect to RabbitMQ: Operation failed: QueueDeclare; 406 (PRECONDITION-FAILED) with message "PRECONDITION_FAILED - inequivalent arg 'x-message-ttl' for queue 'push' in vhost '/': received the value '86400000' of type 'signedint' but current is none"[39m
2025-11-12 08:13:43.996 [[31merror[39m]: 	[31mRabbitMQ channel error:[39m
{
  "error": "Channel closed by server: 406 (PRECONDITION-FAILED) with message \"PRECONDITION_FAILED - inequivalent arg 'x-message-ttl' for queue 'push' in vhost '/': received the value '86400000' of type 'signedint' but current is none\""
}
2025-11-12 08:13:44.007 [[31merror[39m]: 	[31mError setting up queues: Operation failed: QueueDeclare; 406 (PRECONDITION-FAILED) with message "PRECONDITION_FAILED - inequivalent arg 'x-message-ttl' for queue 'push' in vhost '/': received the value '86400000' of type 'signedint' but current is none"[39m
2025-11-12 08:13:44.009 [[31merror[39m]: 	[31mFailed to connect to RabbitMQ: Operation failed: QueueDeclare; 406 (PRECONDITION-FAILED) with message "PRECONDITION_FAILED - inequivalent arg 'x-message-ttl' for queue 'push' in vhost '/': received the value '86400000' of type 'signedint' but current is none"[39m
2025-11-12 08:15:08.461 [[31merror[39m]: 	[31mRabbitMQ channel error:[39m
{
  "error": "Channel closed by server: 406 (PRECONDITION-FAILED) with message \"PRECONDITION_FAILED - inequivalent arg 'x-message-ttl' for queue 'push' in vhost '/': received the value '86400000' of type 'signedint' but current is none\""
}
2025-11-12 08:15:08.478 [[31merror[39m]: 	[31mError setting up queues: Operation failed: QueueDeclare; 406 (PRECONDITION-FAILED) with message "PRECONDITION_FAILED - inequivalent arg 'x-message-ttl' for queue 'push' in vhost '/': received the value '86400000' of type 'signedint' but current is none"[39m
2025-11-12 08:15:08.484 [[31merror[39m]: 	[31mFailed to connect to RabbitMQ: Operation failed: QueueDeclare; 406 (PRECONDITION-FAILED) with message "PRECONDITION_FAILED - inequivalent arg 'x-message-ttl' for queue 'push' in vhost '/': received the value '86400000' of type 'signedint' but current is none"[39m
